<?xml version="1.0" encoding="UTF-8"?>
<!-- Generated by org.testng.reporters.JUnitReportReporter -->
<testsuite hostname="DESKTOP-7A9DCJT" failures="0" tests="2" name="com.test.TestCase_001" time="2.220" errors="0" timestamp="01 Dec 2022 15:17:00 GMT" skipped="0">
  <testcase classname="com.test.TestCase_001" name="keeperValidation" time="1.965"/>
  <testcase classname="com.test.TestCase_001" name="overseasplayerValidation" time="0.255"/>
</testsuite> <!-- com.test.TestCase_001 -->
