<?xml version="1.0" encoding="UTF-8"?>
<!-- Generated by org.testng.reporters.JUnitReportReporter -->
<testsuite hostname="DESKTOP-7A9DCJT" failures="0" tests="2" name="com.test.TestCase_001" time="1.689" errors="0" timestamp="30 Nov 2022 16:37:38 GMT" skipped="0">
  <testcase classname="com.test.TestCase_001" name="keeperValidation" time="1.484"/>
  <testcase classname="com.test.TestCase_001" name="overseasplayerValidation" time="0.205"/>
</testsuite> <!-- com.test.TestCase_001 -->
