<?xml version="1.0" encoding="UTF-8"?>
<!-- Generated by org.testng.reporters.JUnitReportReporter -->
<testsuite hostname="DESKTOP-7A9DCJT" failures="0" tests="2" name="com.test.TestCase_001" time="1.658" errors="0" timestamp="01 Dec 2022 16:59:50 GMT" skipped="0">
  <testcase classname="com.test.TestCase_001" name="overseasplayerValidation" time="1.482"/>
  <testcase classname="com.test.TestCase_001" name="keeperValidation" time="0.176"/>
</testsuite> <!-- com.test.TestCase_001 -->
